[debug] [2023-03-13T03:56:32.680Z] ----------------------------------------------------------------------
[debug] [2023-03-13T03:56:32.683Z] Command:       C:\Program Files\nodejs\node.exe C:\Users\LA_BIJA\AppData\Roaming\npm\node_modules\firebase-tools\lib\bin\firebase.js deploy
[debug] [2023-03-13T03:56:32.684Z] CLI Version:   11.24.0
[debug] [2023-03-13T03:56:32.685Z] Platform:      win32
[debug] [2023-03-13T03:56:32.685Z] Node Version:  v18.13.0
[debug] [2023-03-13T03:56:32.686Z] Time:          Mon Mar 13 2023 04:56:32 GMT+0100 (GMT+01:00)
[debug] [2023-03-13T03:56:32.687Z] ----------------------------------------------------------------------
[debug] 
[debug] [2023-03-13T03:56:32.801Z] > command requires scopes: ["email","openid","https://www.googleapis.com/auth/cloudplatformprojects.readonly","https://www.googleapis.com/auth/firebase","https://www.googleapis.com/auth/cloud-platform"]
[debug] [2023-03-13T03:56:32.802Z] > authorizing via signed-in user (ortegadavid871@gmail.com)
[debug] [2023-03-13T03:56:32.802Z] [iam] checking project dimension-otakuss for permissions ["firebase.projects.get","firebasehosting.sites.update"]
[debug] [2023-03-13T03:56:32.806Z] >>> [apiv2][query] POST https://cloudresourcemanager.googleapis.com/v1/projects/dimension-otakuss:testIamPermissions [none]
[debug] [2023-03-13T03:56:32.807Z] >>> [apiv2][(partial)header] POST https://cloudresourcemanager.googleapis.com/v1/projects/dimension-otakuss:testIamPermissions x-goog-quota-user=projects/dimension-otakuss
[debug] [2023-03-13T03:56:32.807Z] >>> [apiv2][body] POST https://cloudresourcemanager.googleapis.com/v1/projects/dimension-otakuss:testIamPermissions {"permissions":["firebase.projects.get","firebasehosting.sites.update"]}
[debug] [2023-03-13T03:56:33.276Z] <<< [apiv2][status] POST https://cloudresourcemanager.googleapis.com/v1/projects/dimension-otakuss:testIamPermissions 200
[debug] [2023-03-13T03:56:33.277Z] <<< [apiv2][body] POST https://cloudresourcemanager.googleapis.com/v1/projects/dimension-otakuss:testIamPermissions {"permissions":["firebase.projects.get","firebasehosting.sites.update"]}
[debug] [2023-03-13T03:56:33.280Z] >>> [apiv2][query] GET https://firebase.googleapis.com/v1beta1/projects/dimension-otakuss [none]
[debug] [2023-03-13T03:56:33.812Z] <<< [apiv2][status] GET https://firebase.googleapis.com/v1beta1/projects/dimension-otakuss 200
[debug] [2023-03-13T03:56:33.813Z] <<< [apiv2][body] GET https://firebase.googleapis.com/v1beta1/projects/dimension-otakuss {"projectId":"dimension-otakuss","projectNumber":"736472208884","displayName":"Dimension-otakuss","name":"projects/dimension-otakuss","resources":{"hostingSite":"dimension-otakuss"},"state":"ACTIVE","etag":"1_623cd766-0591-4c89-8b09-800da5632900"}
[info] 
[info] === Deploying to 'dimension-otakuss'...
[info] 
[info] i  deploying hosting 
[debug] [2023-03-13T03:56:33.822Z] >>> [apiv2][query] POST https://firebasehosting.googleapis.com/v1beta1/projects/-/sites/dimension-otakuss/versions [none]
[debug] [2023-03-13T03:56:33.822Z] >>> [apiv2][body] POST https://firebasehosting.googleapis.com/v1beta1/projects/-/sites/dimension-otakuss/versions {"status":"CREATED","labels":{"deployment-tool":"cli-firebase"}}
[debug] [2023-03-13T03:56:34.639Z] <<< [apiv2][status] POST https://firebasehosting.googleapis.com/v1beta1/projects/-/sites/dimension-otakuss/versions 200
[debug] [2023-03-13T03:56:34.639Z] <<< [apiv2][body] POST https://firebasehosting.googleapis.com/v1beta1/projects/-/sites/dimension-otakuss/versions {"name":"projects/736472208884/sites/dimension-otakuss/versions/c956af418ca0248d","status":"CREATED","config":{},"labels":{"deployment-tool":"cli-firebase"}}
[info] i  hosting[dimension-otakuss]: beginning deploy... 
[debug] [2023-03-13T03:56:36.396Z] Error: EPERM: operation not permitted, scandir 'C:/Users/LA_BIJA/AppData/Local/Archivos temporales de Internet'
    at Object.readdirSync (node:fs:1451:3)
    at GlobSync._readdir (C:\Users\LA_BIJA\AppData\Roaming\npm\node_modules\firebase-tools\node_modules\glob\sync.js:285:46)
    at GlobSync._readdirInGlobStar (C:\Users\LA_BIJA\AppData\Roaming\npm\node_modules\firebase-tools\node_modules\glob\sync.js:242:17)
    at GlobSync._readdir (C:\Users\LA_BIJA\AppData\Roaming\npm\node_modules\firebase-tools\node_modules\glob\sync.js:273:17)
    at GlobSync._processReaddir (C:\Users\LA_BIJA\AppData\Roaming\npm\node_modules\firebase-tools\node_modules\glob\sync.js:134:22)
    at GlobSync._process (C:\Users\LA_BIJA\AppData\Roaming\npm\node_modules\firebase-tools\node_modules\glob\sync.js:129:10)
    at GlobSync._processGlobStar (C:\Users\LA_BIJA\AppData\Roaming\npm\node_modules\firebase-tools\node_modules\glob\sync.js:377:10)
    at GlobSync._process (C:\Users\LA_BIJA\AppData\Roaming\npm\node_modules\firebase-tools\node_modules\glob\sync.js:127:10)
    at GlobSync._processGlobStar (C:\Users\LA_BIJA\AppData\Roaming\npm\node_modules\firebase-tools\node_modules\glob\sync.js:380:10)
    at GlobSync._process (C:\Users\LA_BIJA\AppData\Roaming\npm\node_modules\firebase-tools\node_modules\glob\sync.js:127:10)
    at GlobSync._processGlobStar (C:\Users\LA_BIJA\AppData\Roaming\npm\node_modules\firebase-tools\node_modules\glob\sync.js:380:10)
    at GlobSync._process (C:\Users\LA_BIJA\AppData\Roaming\npm\node_modules\firebase-tools\node_modules\glob\sync.js:127:10)
    at new GlobSync (C:\Users\LA_BIJA\AppData\Roaming\npm\node_modules\firebase-tools\node_modules\glob\sync.js:45:10)
    at globSync (C:\Users\LA_BIJA\AppData\Roaming\npm\node_modules\firebase-tools\node_modules\glob\sync.js:23:10)
    at listFiles (C:\Users\LA_BIJA\AppData\Roaming\npm\node_modules\firebase-tools\lib\listFiles.js:6:28)
    at runDeploys (C:\Users\LA_BIJA\AppData\Roaming\npm\node_modules\firebase-tools\lib\deploy\hosting\deploy.js:44:49)
[error] 
[error] Error: An unexpected error has occurred.
[debug] [2023-03-14T06:55:39.764Z] ----------------------------------------------------------------------
[debug] [2023-03-14T06:55:39.767Z] Command:       C:\Program Files\nodejs\node.exe C:\Users\LA_BIJA\AppData\Roaming\npm\node_modules\firebase-tools\lib\bin\firebase.js init
[debug] [2023-03-14T06:55:39.769Z] CLI Version:   11.24.1
[debug] [2023-03-14T06:55:39.770Z] Platform:      win32
[debug] [2023-03-14T06:55:39.770Z] Node Version:  v18.13.0
[debug] [2023-03-14T06:55:39.772Z] Time:          Tue Mar 14 2023 07:55:39 GMT+0100 (GMT+01:00)
[debug] [2023-03-14T06:55:39.773Z] ----------------------------------------------------------------------
[debug] 
[debug] [2023-03-14T06:55:39.913Z] > command requires scopes: ["email","openid","https://www.googleapis.com/auth/cloudplatformprojects.readonly","https://www.googleapis.com/auth/firebase","https://www.googleapis.com/auth/cloud-platform"]
[debug] [2023-03-14T06:55:39.914Z] > authorizing via signed-in user (ortegadavid871@gmail.com)
[info] 
     ######## #### ########  ######## ########     ###     ######  ########
     ##        ##  ##     ## ##       ##     ##  ##   ##  ##       ##
     ######    ##  ########  ######   ########  #########  ######  ######
     ##        ##  ##    ##  ##       ##     ## ##     ##       ## ##
     ##       #### ##     ## ######## ########  ##     ##  ######  ########

You're about to initialize a Firebase project in this directory:

  C:\Users\LA_BIJA

Before we get started, keep in mind:

  * You are initializing within an existing Firebase project directory

[info] 
=== Project Setup
[info] 
[info] First, let's associate this project directory with a Firebase project.
[info] You can create multiple project aliases by running firebase use --add, 
[info] but for now we'll just set up a default project.
[info] 
[debug] [2023-03-14T06:55:54.551Z] Using project from CLI flag: dimension-otakuss
[debug] [2023-03-14T06:55:54.563Z] >>> [apiv2][query] GET https://firebase.googleapis.com/v1beta1/projects/dimension-otakuss [none]
[debug] [2023-03-14T06:55:55.663Z] <<< [apiv2][status] GET https://firebase.googleapis.com/v1beta1/projects/dimension-otakuss 200
[debug] [2023-03-14T06:55:55.663Z] <<< [apiv2][body] GET https://firebase.googleapis.com/v1beta1/projects/dimension-otakuss {"projectId":"dimension-otakuss","projectNumber":"736472208884","displayName":"Dimension-otakuss","name":"projects/dimension-otakuss","resources":{"hostingSite":"dimension-otakuss"},"state":"ACTIVE","etag":"1_a45896e3-7c06-4765-9144-31ff9748160f"}
[info] i  Using project dimension-otakuss (Dimension-otakuss) 
[info] 
=== Hosting Setup
[info] 
[info] Your public directory is the folder (relative to your project directory) that
[info] will contain Hosting assets to be uploaded with firebase deploy. If you
[info] have a build process for your assets, use your build's output directory.
[info] 
[info] +  Wrote .//404.html 
[debug] [2023-03-14T06:56:42.012Z] >>> [apiv2][query] GET https://www.gstatic.com/firebasejs/releases.json [none]
[debug] [2023-03-14T06:56:42.391Z] <<< [apiv2][status] GET https://www.gstatic.com/firebasejs/releases.json 200
[debug] [2023-03-14T06:56:42.391Z] <<< [apiv2][body] GET https://www.gstatic.com/firebasejs/releases.json {"current":{"version":"9.17.2","browserURL":"https://www.gstatic.com/firebasejs/9.17.2/firebase.js","packageURL":"https://www.gstatic.com/firebasejs/9.17.2/firebase.tgz"},"live":{"version":"9.17","browserURL":"https://www.gstatic.com/firebasejs/live/9.17/firebase.js","packageURL":"https://www.gstatic.com/firebasejs/live/9.17/firebase.tgz"},"components":{"analytics":"https://www.gstatic.com/firebasejs/9.17.2/firebase-analytics.js","app":"https://www.gstatic.com/firebasejs/9.17.2/firebase-app.js","app-check":"https://www.gstatic.com/firebasejs/9.17.2/firebase-app-check.js","auth":"https://www.gstatic.com/firebasejs/9.17.2/firebase-auth.js","auth/cordova":"https://www.gstatic.com/firebasejs/9.17.2/firebase-auth/cordova.js","auth/react-native":"https://www.gstatic.com/firebasejs/9.17.2/firebase-auth/react-native.js","functions":"https://www.gstatic.com/firebasejs/9.17.2/firebase-functions.js","firestore":"https://www.gstatic.com/firebasejs/9.17.2/firebase-firestore.js","firestore/lite":"https://www.gstatic.com/firebasejs/9.17.2/firebase-firestore/lite.js","installations":"https://www.gstatic.com/firebasejs/9.17.2/firebase-installations.js","storage":"https://www.gstatic.com/firebasejs/9.17.2/firebase-storage.js","performance":"https://www.gstatic.com/firebasejs/9.17.2/firebase-performance.js","remote-config":"https://www.gstatic.com/firebasejs/9.17.2/firebase-remote-config.js","messaging":"https://www.gstatic.com/firebasejs/9.17.2/firebase-messaging.js","messaging/sw":"https://www.gstatic.com/firebasejs/9.17.2/firebase-messaging/sw.js","database":"https://www.gstatic.com/firebasejs/9.17.2/firebase-database.js","firestore.memory":"https://www.gstatic.com/firebasejs/9.17.2/firebase-firestore.memory.js"}}
[info] i  Skipping write of .//index.html 
[info] 
[info] i  Didn't detect a .git folder. Assuming C:\Users\LA_BIJA\Desktop\HTML\Dimesion Otakuss is the project root. 
[info] i  Authorizing with GitHub to upload your service account to a GitHub repository's secrets store. 
[info] 
[info] Visit this URL on this device to log in:
[info] https://github.com/login/oauth/authorize?client_id=89cf50f02ac6aaed3484&state=728131808&redirect_uri=http%3A%2F%2Flocalhost%3A9005&scope=read%3Auser%20repo%20public_repo
[info] 
[info] Waiting for authentication...
[debug] [2023-03-14T06:56:46.894Z] >>> [apiv2][query] POST https://github.com/login/oauth/access_token [none]
[debug] [2023-03-14T06:56:46.894Z] >>> [apiv2][body] POST https://github.com/login/oauth/access_token [stream]
[debug] [2023-03-14T06:56:47.321Z] <<< [apiv2][status] POST https://github.com/login/oauth/access_token 200
[debug] [2023-03-14T06:56:47.321Z] <<< [apiv2][body] POST https://github.com/login/oauth/access_token {"access_token":"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","token_type":"bearer","scope":"read:user,repo"}
[debug] [2023-03-14T06:56:47.333Z] >>> [apiv2][query] GET https://api.github.com/user [none]
[debug] [2023-03-14T06:56:47.855Z] <<< [apiv2][status] GET https://api.github.com/user 200
[debug] [2023-03-14T06:56:47.855Z] <<< [apiv2][body] GET https://api.github.com/user {"login":"Carlos0225","id":115502937,"node_id":"U_kgDOBuJvWQ","avatar_url":"https://avatars.githubusercontent.com/u/115502937?v=4","gravatar_id":"","url":"https://api.github.com/users/Carlos0225","html_url":"https://github.com/Carlos0225","followers_url":"https://api.github.com/users/Carlos0225/followers","following_url":"https://api.github.com/users/Carlos0225/following{/other_user}","gists_url":"https://api.github.com/users/Carlos0225/gists{/gist_id}","starred_url":"https://api.github.com/users/Carlos0225/starred{/owner}{/repo}","subscriptions_url":"https://api.github.com/users/Carlos0225/subscriptions","organizations_url":"https://api.github.com/users/Carlos0225/orgs","repos_url":"https://api.github.com/users/Carlos0225/repos","events_url":"https://api.github.com/users/Carlos0225/events{/privacy}","received_events_url":"https://api.github.com/users/Carlos0225/received_events","type":"User","site_admin":false,"name":"Carlos Ventura","company":null,"blog":"","location":"Republica dominicana","email":null,"hireable":null,"bio":"Estudiante de desarrollo de software y marketing digital....","twitter_username":null,"public_repos":3,"public_gists":0,"followers":0,"following":0,"created_at":"2022-10-10T19:48:40Z","updated_at":"2023-03-13T20:53:45Z","private_gists":0,"total_private_repos":0,"owned_private_repos":0,"disk_usage":15019,"collaborators":0,"two_factor_authentication":false,"plan":{"name":"free","space":976562499,"collaborators":0,"private_repos":10000}}
[info] 
[info] +  Success! Logged into GitHub as Carlos0225 
[info] 
